<?xml version="1.0" encoding="UTF-8"?>
<!-- Generated by org.testng.reporters.JUnitXMLReporter -->
<testsuite ignored="1" hostname="LAPTOP-OVBCR4D3" failures="0" tests="1" name="Default test" time="20.149" errors="0" timestamp="2022-04-19T15:50:56 IST">
  <testcase classname="com.crm.TC.TC002" name="createOrg" time="14.5"/>
  <testcase classname="com.crm.TC.TC002" name="createorgwithmobilenoTest" time="0.0">
    <ignored/>
  </testcase> <!-- createorgwithmobilenoTest -->
</testsuite> <!-- Default test -->
