<?xml version="1.0" encoding="UTF-8"?>
<testng-results ignored="1" total="2" passed="1" failed="0" skipped="0">
  <reporter-output>
  </reporter-output>
  <suite started-at="2022-04-19T15:50:35 IST" name="Default suite" finished-at="2022-04-19T15:50:56 IST" duration-ms="20149">
    <groups>
      <group name="smoke">
        <method signature="TC002.createOrg()[pri:0, instance:com.crm.TC.TC002@1af2d44a]" name="createOrg" class="com.crm.TC.TC002"/>
      </group> <!-- smoke -->
    </groups>
    <test started-at="2022-04-19T15:50:35 IST" name="Default test" finished-at="2022-04-19T15:50:56 IST" duration-ms="20149">
      <class name="com.crm.TC.TC002">
        <test-method is-config="true" signature="beforesuite()[pri:0, instance:com.crm.TC.TC002@1af2d44a]" started-at="2022-04-19T15:50:35 IST" name="beforesuite" finished-at="2022-04-19T15:50:35 IST" duration-ms="5" status="PASS">
          <reporter-output>
          </reporter-output>
        </test-method> <!-- beforesuite -->
        <test-method is-config="true" signature="beforeclass()[pri:0, instance:com.crm.TC.TC002@1af2d44a]" started-at="2022-04-19T15:50:35 IST" name="beforeclass" finished-at="2022-04-19T15:50:37 IST" duration-ms="1391" status="PASS">
          <reporter-output>
          </reporter-output>
        </test-method> <!-- beforeclass -->
        <test-method is-config="true" signature="logintoVtiger()[pri:0, instance:com.crm.TC.TC002@1af2d44a]" started-at="2022-04-19T15:50:37 IST" name="logintoVtiger" finished-at="2022-04-19T15:50:40 IST" duration-ms="2739" status="PASS">
          <reporter-output>
          </reporter-output>
        </test-method> <!-- logintoVtiger -->
        <test-method signature="createOrg()[pri:0, instance:com.crm.TC.TC002@1af2d44a]" started-at="2022-04-19T15:50:40 IST" name="createOrg" finished-at="2022-04-19T15:50:54 IST" duration-ms="14500" status="PASS">
          <reporter-output>
          </reporter-output>
        </test-method> <!-- createOrg -->
        <test-method is-config="true" signature="logout()[pri:0, instance:com.crm.TC.TC002@1af2d44a]" started-at="2022-04-19T15:50:54 IST" name="logout" finished-at="2022-04-19T15:50:55 IST" duration-ms="1253" status="PASS">
          <reporter-output>
          </reporter-output>
        </test-method> <!-- logout -->
        <test-method is-config="true" signature="afterClass()[pri:0, instance:com.crm.TC.TC002@1af2d44a]" started-at="2022-04-19T15:50:55 IST" name="afterClass" finished-at="2022-04-19T15:50:56 IST" duration-ms="234" status="PASS">
          <reporter-output>
          </reporter-output>
        </test-method> <!-- afterClass -->
        <test-method is-config="true" signature="afterSuite()[pri:0, instance:com.crm.TC.TC002@1af2d44a]" started-at="2022-04-19T15:50:56 IST" name="afterSuite" finished-at="2022-04-19T15:50:56 IST" duration-ms="1" status="PASS">
          <reporter-output>
          </reporter-output>
        </test-method> <!-- afterSuite -->
      </class> <!-- com.crm.TC.TC002 -->
    </test> <!-- Default test -->
  </suite> <!-- Default suite -->
</testng-results>
